{"total": {"lines":{"total":708,"covered":44,"skipped":0,"pct":6.21},"statements":{"total":708,"covered":44,"skipped":0,"pct":6.21},"functions":{"total":20,"covered":0,"skipped":0,"pct":0},"branches":{"total":20,"covered":0,"skipped":0,"pct":0},"branchesTrue":{"total":0,"covered":0,"skipped":0,"pct":100}}
,"C:\\Users\\daedh\\Workspace\\Bug_Wars_FrontEnd\\Bug-Wars_Night-Owls_Front-End\\postcss.config.cjs": {"lines":{"total":6,"covered":0,"skipped":0,"pct":0},"functions":{"total":1,"covered":0,"skipped":0,"pct":0},"statements":{"total":6,"covered":0,"skipped":0,"pct":0},"branches":{"total":1,"covered":0,"skipped":0,"pct":0}}
,"C:\\Users\\daedh\\Workspace\\Bug_Wars_FrontEnd\\Bug-Wars_Night-Owls_Front-End\\tailwind.config.js": {"lines":{"total":25,"covered":0,"skipped":0,"pct":0},"functions":{"total":1,"covered":0,"skipped":0,"pct":0},"statements":{"total":25,"covered":0,"skipped":0,"pct":0},"branches":{"total":1,"covered":0,"skipped":0,"pct":0}}
,"C:\\Users\\daedh\\Workspace\\Bug_Wars_FrontEnd\\Bug-Wars_Night-Owls_Front-End\\src\\App.vue": {"lines":{"total":38,"covered":0,"skipped":0,"pct":0},"functions":{"total":1,"covered":0,"skipped":0,"pct":0},"statements":{"total":38,"covered":0,"skipped":0,"pct":0},"branches":{"total":1,"covered":0,"skipped":0,"pct":0}}
,"C:\\Users\\daedh\\Workspace\\Bug_Wars_FrontEnd\\Bug-Wars_Night-Owls_Front-End\\src\\components\\HelloWorld.vue": {"lines":{"total":44,"covered":44,"skipped":0,"pct":100},"functions":{"total":0,"covered":0,"skipped":0,"pct":100},"statements":{"total":44,"covered":44,"skipped":0,"pct":100},"branches":{"total":0,"covered":0,"skipped":0,"pct":100}}
,"C:\\Users\\daedh\\Workspace\\Bug_Wars_FrontEnd\\Bug-Wars_Night-Owls_Front-End\\src\\components\\TheWelcome.vue": {"lines":{"total":88,"covered":0,"skipped":0,"pct":0},"functions":{"total":1,"covered":0,"skipped":0,"pct":0},"statements":{"total":88,"covered":0,"skipped":0,"pct":0},"branches":{"total":1,"covered":0,"skipped":0,"pct":0}}
,"C:\\Users\\daedh\\Workspace\\Bug_Wars_FrontEnd\\Bug-Wars_Night-Owls_Front-End\\src\\components\\WelcomeItem.vue": {"lines":{"total":86,"covered":0,"skipped":0,"pct":0},"functions":{"total":1,"covered":0,"skipped":0,"pct":0},"statements":{"total":86,"covered":0,"skipped":0,"pct":0},"branches":{"total":1,"covered":0,"skipped":0,"pct":0}}
,"C:\\Users\\daedh\\Workspace\\Bug_Wars_FrontEnd\\Bug-Wars_Night-Owls_Front-End\\src\\components\\icons\\IconCommunity.vue": {"lines":{"total":7,"covered":0,"skipped":0,"pct":0},"functions":{"total":1,"covered":0,"skipped":0,"pct":0},"statements":{"total":7,"covered":0,"skipped":0,"pct":0},"branches":{"total":1,"covered":0,"skipped":0,"pct":0}}
,"C:\\Users\\daedh\\Workspace\\Bug_Wars_FrontEnd\\Bug-Wars_Night-Owls_Front-End\\src\\components\\icons\\IconDocumentation.vue": {"lines":{"total":7,"covered":0,"skipped":0,"pct":0},"functions":{"total":1,"covered":0,"skipped":0,"pct":0},"statements":{"total":7,"covered":0,"skipped":0,"pct":0},"branches":{"total":1,"covered":0,"skipped":0,"pct":0}}
,"C:\\Users\\daedh\\Workspace\\Bug_Wars_FrontEnd\\Bug-Wars_Night-Owls_Front-End\\src\\components\\icons\\IconEcosystem.vue": {"lines":{"total":7,"covered":0,"skipped":0,"pct":0},"functions":{"total":1,"covered":0,"skipped":0,"pct":0},"statements":{"total":7,"covered":0,"skipped":0,"pct":0},"branches":{"total":1,"covered":0,"skipped":0,"pct":0}}
,"C:\\Users\\daedh\\Workspace\\Bug_Wars_FrontEnd\\Bug-Wars_Night-Owls_Front-End\\src\\components\\icons\\IconSupport.vue": {"lines":{"total":7,"covered":0,"skipped":0,"pct":0},"functions":{"total":1,"covered":0,"skipped":0,"pct":0},"statements":{"total":7,"covered":0,"skipped":0,"pct":0},"branches":{"total":1,"covered":0,"skipped":0,"pct":0}}
,"C:\\Users\\daedh\\Workspace\\Bug_Wars_FrontEnd\\Bug-Wars_Night-Owls_Front-End\\src\\components\\icons\\IconTooling.vue": {"lines":{"total":19,"covered":0,"skipped":0,"pct":0},"functions":{"total":1,"covered":0,"skipped":0,"pct":0},"statements":{"total":19,"covered":0,"skipped":0,"pct":0},"branches":{"total":1,"covered":0,"skipped":0,"pct":0}}
,"C:\\Users\\daedh\\Workspace\\Bug_Wars_FrontEnd\\Bug-Wars_Night-Owls_Front-End\\src\\services\\AuthService.js": {"lines":{"total":13,"covered":0,"skipped":0,"pct":0},"functions":{"total":1,"covered":0,"skipped":0,"pct":0},"statements":{"total":13,"covered":0,"skipped":0,"pct":0},"branches":{"total":1,"covered":0,"skipped":0,"pct":0}}
,"C:\\Users\\daedh\\Workspace\\Bug_Wars_FrontEnd\\Bug-Wars_Night-Owls_Front-End\\src\\store\\index.js": {"lines":{"total":30,"covered":0,"skipped":0,"pct":0},"functions":{"total":1,"covered":0,"skipped":0,"pct":0},"statements":{"total":30,"covered":0,"skipped":0,"pct":0},"branches":{"total":1,"covered":0,"skipped":0,"pct":0}}
,"C:\\Users\\daedh\\Workspace\\Bug_Wars_FrontEnd\\Bug-Wars_Night-Owls_Front-End\\src\\views\\BugsView.vue": {"lines":{"total":1,"covered":0,"skipped":0,"pct":0},"functions":{"total":1,"covered":0,"skipped":0,"pct":0},"statements":{"total":1,"covered":0,"skipped":0,"pct":0},"branches":{"total":1,"covered":0,"skipped":0,"pct":0}}
,"C:\\Users\\daedh\\Workspace\\Bug_Wars_FrontEnd\\Bug-Wars_Night-Owls_Front-End\\src\\views\\ContributorsView.vue": {"lines":{"total":1,"covered":0,"skipped":0,"pct":0},"functions":{"total":1,"covered":0,"skipped":0,"pct":0},"statements":{"total":1,"covered":0,"skipped":0,"pct":0},"branches":{"total":1,"covered":0,"skipped":0,"pct":0}}
,"C:\\Users\\daedh\\Workspace\\Bug_Wars_FrontEnd\\Bug-Wars_Night-Owls_Front-End\\src\\views\\HomeView.vue": {"lines":{"total":35,"covered":0,"skipped":0,"pct":0},"functions":{"total":1,"covered":0,"skipped":0,"pct":0},"statements":{"total":35,"covered":0,"skipped":0,"pct":0},"branches":{"total":1,"covered":0,"skipped":0,"pct":0}}
,"C:\\Users\\daedh\\Workspace\\Bug_Wars_FrontEnd\\Bug-Wars_Night-Owls_Front-End\\src\\views\\HowToPlayView.vue": {"lines":{"total":1,"covered":0,"skipped":0,"pct":0},"functions":{"total":1,"covered":0,"skipped":0,"pct":0},"statements":{"total":1,"covered":0,"skipped":0,"pct":0},"branches":{"total":1,"covered":0,"skipped":0,"pct":0}}
,"C:\\Users\\daedh\\Workspace\\Bug_Wars_FrontEnd\\Bug-Wars_Night-Owls_Front-End\\src\\views\\LoginView.vue": {"lines":{"total":130,"covered":0,"skipped":0,"pct":0},"functions":{"total":1,"covered":0,"skipped":0,"pct":0},"statements":{"total":130,"covered":0,"skipped":0,"pct":0},"branches":{"total":1,"covered":0,"skipped":0,"pct":0}}
,"C:\\Users\\daedh\\Workspace\\Bug_Wars_FrontEnd\\Bug-Wars_Night-Owls_Front-End\\src\\views\\LogoutView.vue": {"lines":{"total":12,"covered":0,"skipped":0,"pct":0},"functions":{"total":1,"covered":0,"skipped":0,"pct":0},"statements":{"total":12,"covered":0,"skipped":0,"pct":0},"branches":{"total":1,"covered":0,"skipped":0,"pct":0}}
,"C:\\Users\\daedh\\Workspace\\Bug_Wars_FrontEnd\\Bug-Wars_Night-Owls_Front-End\\src\\views\\MapsView.vue": {"lines":{"total":1,"covered":0,"skipped":0,"pct":0},"functions":{"total":1,"covered":0,"skipped":0,"pct":0},"statements":{"total":1,"covered":0,"skipped":0,"pct":0},"branches":{"total":1,"covered":0,"skipped":0,"pct":0}}
,"C:\\Users\\daedh\\Workspace\\Bug_Wars_FrontEnd\\Bug-Wars_Night-Owls_Front-End\\src\\views\\RegisterView.vue": {"lines":{"total":150,"covered":0,"skipped":0,"pct":0},"functions":{"total":1,"covered":0,"skipped":0,"pct":0},"statements":{"total":150,"covered":0,"skipped":0,"pct":0},"branches":{"total":1,"covered":0,"skipped":0,"pct":0}}
}
